timestamp: 2018-06-08T16:43:57.087686
CREATE TABLE "web2py_session_cs183project"(
    "id" INTEGER PRIMARY KEY AUTOINCREMENT,
    "locked" CHAR(1),
    "client_ip" CHAR(64),
    "created_datetime" TIMESTAMP,
    "modified_datetime" TIMESTAMP,
    "unique_key" CHAR(64),
    "session_data" BLOB
);
success!
timestamp: 2018-06-08T16:43:57.094099
CREATE TABLE "auth_user"(
    "id" INTEGER PRIMARY KEY AUTOINCREMENT,
    "first_name" CHAR(128),
    "last_name" CHAR(128),
    "email" CHAR(512),
    "password" CHAR(512),
    "registration_key" CHAR(512),
    "reset_password_key" CHAR(512),
    "registration_id" CHAR(512)
);
success!
timestamp: 2018-06-08T16:43:57.097612
CREATE TABLE "auth_group"(
    "id" INTEGER PRIMARY KEY AUTOINCREMENT,
    "role" CHAR(512),
    "description" TEXT
);
success!
timestamp: 2018-06-08T16:43:57.099941
CREATE TABLE "auth_membership"(
    "id" INTEGER PRIMARY KEY AUTOINCREMENT,
    "user_id" INTEGER REFERENCES "auth_user" ("id") ON DELETE CASCADE  ,
    "group_id" INTEGER REFERENCES "auth_group" ("id") ON DELETE CASCADE  
);
success!
timestamp: 2018-06-08T16:43:57.102109
CREATE TABLE "auth_permission"(
    "id" INTEGER PRIMARY KEY AUTOINCREMENT,
    "group_id" INTEGER REFERENCES "auth_group" ("id") ON DELETE CASCADE  ,
    "name" CHAR(512),
    "table_name" CHAR(512),
    "record_id" INTEGER
);
success!
timestamp: 2018-06-08T16:43:57.104631
CREATE TABLE "auth_event"(
    "id" INTEGER PRIMARY KEY AUTOINCREMENT,
    "time_stamp" TIMESTAMP,
    "client_ip" CHAR(512),
    "user_id" INTEGER REFERENCES "auth_user" ("id") ON DELETE CASCADE  ,
    "origin" CHAR(512),
    "description" TEXT
);
success!
timestamp: 2018-06-08T16:43:57.107393
CREATE TABLE "auth_cas"(
    "id" INTEGER PRIMARY KEY AUTOINCREMENT,
    "user_id" INTEGER REFERENCES "auth_user" ("id") ON DELETE CASCADE  ,
    "created_on" TIMESTAMP,
    "service" CHAR(512),
    "ticket" CHAR(512),
    "renew" CHAR(1)
);
success!
timestamp: 2018-06-08T16:43:57.111251
CREATE TABLE "address"(
    "id" INTEGER PRIMARY KEY AUTOINCREMENT,
    "street" CHAR(512),
    "city" CHAR(512),
    "zip" CHAR(512),
    "state_" CHAR(512),
    "hash_" CHAR(512)
);
success!
timestamp: 2018-06-08T16:43:57.113743
CREATE TABLE "rental_group"(
    "id" INTEGER PRIMARY KEY AUTOINCREMENT,
    "group_name" CHAR(512),
    "is_active" CHAR(1),
    "date_created" CHAR(512),
    "is_editing" CHAR(1)
);
success!
timestamp: 2018-06-08T16:43:57.116336
CREATE TABLE "group_member"(
    "id" INTEGER PRIMARY KEY AUTOINCREMENT,
    "user_email" CHAR(512),
    "group_id" INTEGER REFERENCES "rental_group" ("id") ON DELETE CASCADE  ,
    "is_pending" CHAR(1),
    "is_active" CHAR(1)
);
success!
timestamp: 2018-06-08T16:43:57.118882
CREATE TABLE "property_type"(
    "id" INTEGER PRIMARY KEY AUTOINCREMENT,
    "p_type" CHAR(512)
);
success!
timestamp: 2018-06-08T16:43:57.120468
CREATE TABLE "rental_history"(
    "id" INTEGER PRIMARY KEY AUTOINCREMENT
);
success!
timestamp: 2018-06-08T16:43:57.122818
CREATE TABLE "property"(
    "id" INTEGER PRIMARY KEY AUTOINCREMENT,
    "property_owner" INTEGER REFERENCES "auth_user" ("id") ON DELETE CASCADE  ,
    "street" CHAR(512),
    "city" CHAR(512),
    "zip" CHAR(512),
    "state_" CHAR(512),
    "num_bedrooms" INTEGER,
    "num_fullbaths" INTEGER,
    "num_halfbaths" INTEGER,
    "property_type" INTEGER REFERENCES "property_type" ("id") ON DELETE CASCADE  ,
    "proof_ownership" CHAR(512)
);
success!
timestamp: 2018-06-08T16:43:57.126714
CREATE TABLE "liked_properties"(
    "id" INTEGER PRIMARY KEY AUTOINCREMENT,
    "user_email" CHAR(512),
    "property_id" INTEGER REFERENCES "property" ("id") ON DELETE CASCADE  ,
    "isliked" CHAR(1)
);
success!
timestamp: 2018-06-08T16:43:57.129767
CREATE TABLE "listings"(
    "id" INTEGER PRIMARY KEY AUTOINCREMENT,
    "property_id" INTEGER REFERENCES "property" ("id") ON DELETE CASCADE  ,
    "user_email" CHAR(512),
    "listed_on" TIMESTAMP,
    "Rent" INTEGER,
    "start_date" CHAR(512),
    "end_date" CHAR(512),
    "max_occ" INTEGER
);
success!
success!
timestamp: 2018-06-08T18:19:58.493519
ALTER TABLE "property" ADD "posted" CHAR(1);
success!
